Scenario - 
Logfile written - 05/30/2017 11:02:21

Subject	Trial	Event Type	Code	Time	TTime	Uncertainty	Duration	Uncertainty	ReqTime	ReqDur	Stim Type	Pair Index

1234	1	Response	1	9219	9052	0
1234	1	Response	1	10842	10675	0
1234	1	Response	1	12573	12406	0
1234	1	Response	1	16440	16274	0
1234	2	Response	1	23307	6643	1
1234	3	Response	2	35484	658	4
1234	4	Response	4	44754	929	1
1234	5	Response	3	53561	404	0
1234	6	Response	4	75767	13778	0
1234	7	Response	3	91540	8722	0
1234	8	Response	4	107734	9085	1
1234	9	Response	2	127173	12194	0
1234	10	Response	1	143727	9418	1
1234	11	Response	2	178799	26660	0
1234	12	Response	4	192889	6923	0
1234	13	Response	1	206312	6349	0
1234	14	Response	2	224085	10624	0
1234	15	Response	3	242787	10163	0
1234	16	Response	3	259980	10026	0
1234	17	Response	1	274110	6825	1
1234	18	Response	3	298589	17307	0
1234	19	Response	3	314424	7313	0
1234	20	Response	2	328711	7103	0
1234	21	Response	2	347010	9904	0
1234	22	Response	2	367642	12207	1
1234	23	Quit		376926	2161	NA


{
   "app": "Presentation Version 19.0 Build 11.14.16",
   "device": "Dell Inc. Latitude E5570",
   "experiment": "{FE5DB8A7-8958-48BB-B52B-BD0E7BB5FCF0}",
   "os": "Windows 7 64 bit",
   "package": "",
   "parameters": {
      "configuration": "Default configuration"
   },
   "scenario": "WCST.sce",
   "subject": "1234",
   "timestamp": "2017/05/30 09:01:41 GMT"
}
