Scenario - 
Logfile written - 05/30/2017 16:06:47

Subject	Trial	Event Type	Code	Time	TTime	Uncertainty	Duration	Uncertainty	ReqTime	ReqDur	Stim Type	Pair Index

13	1	Response	1	3793	3627	1
13	1	Response	1	6994	6828	0
13	1	Response	1	12432	12266	0
13	1	Response	1	16032	15865	0
13	1	Response	1	21152	20985	0
13	1	Response	1	25311	25145	0
13	1	Response	1	28271	28105	1
13	1	Response	1	30352	30186	1
13	1	Response	1	32433	32266	1
13	1	Response	1	34352	34185	1
13	1	Response	1	36110	35943	1
13	1	Response	1	37790	37623	0
13	1	Response	1	39389	39223	1
13	1	Response	1	40989	40823	1
13	1	Response	1	42909	42743	0
13	1	Response	1	45069	44902	1
13	1	Response	1	47068	46902	1
13	1	Response	1	49232	49066	1
13	1	Response	1	51388	51221	0
13	1	Response	1	53387	53221	0
13	1	Response	1	55388	55222	0
13	1	Response	1	57227	57061	1
13	1	Response	1	59147	58981	1
13	1	Response	1	60907	60741	1
13	1	Response	1	62827	62660	0
13	1	Response	1	64746	64580	1
13	1	Response	1	66746	66580	1
13	1	Response	1	68906	68739	1
13	1	Response	1	71065	70899	1
13	1	Response	1	73145	72979	1
13	1	Response	1	75145	74979	1
13	1	Response	1	77305	77139	0
13	1	Response	1	79225	79058	1
13	1	Response	1	81064	80898	1
13	1	Response	1	83305	83138	1
13	1	Response	1	85144	84978	1
13	1	Response	1	87144	86978	1
13	1	Response	1	89064	88897	1
13	1	Response	1	91063	90897	1
13	1	Response	1	93227	93061	1
13	1	Response	1	95303	95137	1
13	1	Response	1	97383	97216	1
13	1	Response	1	99382	99216	0
13	1	Response	1	101542	101376	1
13	1	Response	1	103782	103616	1
13	1	Response	1	105782	105616	0
13	1	Response	1	107783	107616	0
13	1	Response	1	109862	109695	1
13	1	Response	1	112025	111859	1
13	1	Response	1	114101	113935	1
13	1	Response	1	116101	115934	1
13	1	Response	1	118181	118014	1
13	1	Response	1	120260	120094	1
13	1	Response	1	122260	122094	1
13	1	Response	1	124502	124336	0
13	1	Response	1	126979	126813	1
13	1	Response	1	129779	129613	0
13	1	Response	1	132258	132092	1
13	1	Response	1	134579	134412	0
13	1	Response	1	136978	136812	0
13	1	Response	1	139222	139056	1
13	1	Response	1	141457	141291	1
13	1	Response	1	143778	143611	0
13	1	Response	1	146022	145856	1
13	1	Response	1	148577	148411	0
13	1	Response	1	150977	150810	1
13	1	Response	1	153056	152889	1
13	1	Response	1	155456	155289	1
13	1	Response	1	157697	157530	0
13	1	Response	1	159856	159689	1
13	1	Response	1	162255	162089	1
13	1	Response	1	166095	165929	1
13	1	Response	1	169775	169608	1
13	1	Response	1	172254	172088	1
13	1	Response	1	174496	174330	1
13	1	Response	1	177054	176887	1


{
   "app": "Presentation Version 19.0 Build 11.14.16",
   "device": "Dell Inc. Latitude E5570",
   "experiment": "{FE5DB8A7-8958-48BB-B52B-BD0E7BB5FCF0}",
   "os": "Windows 7 64 bit",
   "package": "",
   "parameters": {
      "configuration": "Default configuration"
   },
   "scenario": "WCST2.sce",
   "subject": "13",
   "timestamp": "2017/05/30 14:06:28 GMT"
}
