Scenario - 
Logfile written - 05/22/2017 18:34:49

Trial	Event Type	Code	Time	TTime	Uncertainty	Duration	Uncertainty	ReqTime	ReqDur	Stim Type	Pair Index

1	Response	5	3050	2883	1
1	Response	5	5687	5521	0
1	Response	5	7744	7578	0
1	Response	5	9711	9545	1
2	Response	5	11442	1444	0
2A	Response	3	15874	4424	0
3	Response	2	18348	2351	0
3A	Response	3	20922	2573	0
4	Response	1	22462	1466	0
4A	Response	4	23997	1534	1
5	Response	2	26356	2194	1
5A	Response	3	27648	1291	1
6	Response	1	29219	1557	0
6A	Response	4	30335	1115	0
7	Response	2	32427	1933	0
7A	Response	3	33482	1053	0
8	Response	1	35211	1551	0
8A	Response	4	36294	1082	0
9	Response	2	37935	1609	1
9A	Response	3	39194	1258	0
10	Response	1	40698	1372	0
10A	Response	4	41977	1278	0
11	Response	2	43559	1567	0
11A	Response	3	44753	1193	0
12	Response	1	46263	1438	1
12A	Response	4	47415	1151	0
13	Response	2	48935	1443	1
13A	Response	3	50298	1362	0
14	Response	2	52909	2585	0
14A	Response	3	54161	1251	0
15	Response	1	55721	1398	0
15A	Response	4	56984	1262	0
16	Response	2	58882	1726	0
16A	Response	3	60002	1119	0
17	Response	1	61611	1455	0
17A	Response	4	62832	1220	0
18	Response	2	64476	1487	0
18A	Response	3	65778	1301	0
19	Response	1	67499	1677	0
19A	Response	4	68508	1009	0
20	Response	2	70021	1366	0
20A	Response	3	71176	1154	0
21	Response	1	72561	1240	0
21A	Response	4	73697	1135	0
22	Response	2	75440	1620	0
22A	Response	3	76737	1296	0
23	Response	2	78691	1872	0
23A	Response	4	79773	1081	0
24	Response	1	81477	1658	0
24A	Response	3	82672	1194	0
25	Response	2	84130	1312	0
25A	Response	4	85595	1465	0


{
   "app": "Presentation Version 19.0 Build 11.14.16",
   "device": "Dell Inc. Latitude E5570",
   "experiment": "{FE5DB8A7-8958-48BB-B52B-BD0E7BB5FCF0}",
   "os": "Windows 7 64 bit",
   "package": "",
   "parameters": {
      "configuration": "Default configuration"
   },
   "scenario": "WCST.sce",
   "subject": "",
   "timestamp": "2017/05/22 16:34:39 GMT"
}
