Scenario - 
Logfile written - 05/22/2017 18:16:14

Trial	Event Type	Code	Time	TTime	Uncertainty	Duration	Uncertainty	ReqTime	ReqDur	Stim Type	Pair Index

1	Response	5	15739	15573	0
1	Response	5	20002	19836	1
1	Response	5	24792	24626	0
1	Response	5	29414	29247	0
2	Response	1	46216	16555	1
3	Response	2	54663	7	0
4	Response	3	66049	2894	0
5	Response	4	73199	46	0
5A	Response	1	74299	1099	0
6	Response	1	78389	4070	0
6A	Response	3	82315	3924	1
7	Response	4	87159	4674	0
7A	Response	3	91331	4171	0
8	Response	2	95131	3648	0
8A	Response	4	99724	4591	0
9	Response	1	103379	3564	0
9A	Response	3	107846	4466	1
10	Response	3	111343	3363	0
10A	Response	4	115844	4500	0
11	Response	4	119640	3662	0
11A	Response	4	124224	4583	0
12	Response	4	129807	5496	0
12A	Response	3	137131	7323	1
13	Response	2	141227	3919	0
14	Response	3	150383	1910	1
15	Response	1	160986	2182	1
16	Response	2	172023	2554	0
17	Response	3	182132	1665	4
18	Response	4	192365	1733	0
19	Response	1	202330	1533	0
20	Response	3	212512	1718	0
21	Response	2	222387	1428	0
22	Response	4	231654	863	0
23	Response	1	240726	1936	0
24	Response	3	249599	1644	0
25	Response	2	259043	924	1


{
   "app": "Presentation Version 19.0 Build 11.14.16",
   "device": "Dell Inc. Latitude E5570",
   "experiment": "{FE5DB8A7-8958-48BB-B52B-BD0E7BB5FCF0}",
   "os": "Windows 7 64 bit",
   "package": "",
   "parameters": {
      "configuration": "Default configuration"
   },
   "scenario": "WCST.sce",
   "subject": "",
   "timestamp": "2017/05/22 16:15:46 GMT"
}
