Scenario - 
Logfile written - 05/22/2017 18:31:43

Trial	Event Type	Code	Time	TTime	Uncertainty	Duration	Uncertainty	ReqTime	ReqDur	Stim Type	Pair Index

1	Response	5	18221	18054	0
1	Response	5	23271	23105	0
1	Response	5	27231	27065	0
1	Response	5	30738	30571	0
2	Response	2	47665	16671	0
3	Response	2	59909	5086	0
4	Response	2	71213	4059	0
5	Response	1	111084	31432	0
6	Response	4	128174	8529	0
7	Response	4	144226	7584	0
8	Response	1	152979	340	0
9	Response	2	168112	6642	1
10	Response	3	176958	1656	1
11	Response	4	187315	2016	0
12	Response	1	196174	377	0
13	Response	2	213326	8697	0
14	Response	4	227142	6682	0
15	Response	2	244878	9254	0
16	Response	4	260769	7482	0
17	Response	3	273418	5467	0
18	Response	4	286805	6189	0
19	Response	4	298217	4271	0
20	Response	2	314171	8893	0
21	Response	2	326559	5284	1
22	Response	3	341075	7303	0
23	Response	4	358493	8891	0
24	Response	2	374957	9357	0
25	Response	1	389582	7485	0


{
   "app": "Presentation Version 19.0 Build 11.14.16",
   "device": "Dell Inc. Latitude E5570",
   "experiment": "{FE5DB8A7-8958-48BB-B52B-BD0E7BB5FCF0}",
   "os": "Windows 7 64 bit",
   "package": "",
   "parameters": {
      "configuration": "Default configuration"
   },
   "scenario": "WCST.sce",
   "subject": "",
   "timestamp": "2017/05/22 16:31:02 GMT"
}
