Scenario - 
Logfile written - 05/22/2017 15:59:06

Trial	Event Type	Code	Time	TTime	Uncertainty	Duration	Uncertainty	ReqTime	ReqDur	Stim Type	Pair Index

1	Response	5	4107	3941	0
1	Response	5	6207	6040	0
1	Response	5	7898	7732	0
1	Response	5	11051	10884	0
2	Response	1	22673	11341	0
3	Response	2	33663	1835	0
4	Response	2	44202	3376	0
5	Response	3	93984	41327	1
6	Response	3	121930	19616	1
7	Response	4	132004	1694	0
7A	Response	1	137922	5917	1
8	Response	4	142385	4411	0
8A	Response	1	143839	1452	0
9	Response	4	145696	1722	1
9A	Response	1	147286	1589	1
10	Response	3	149321	2014	1
10A	Response	3	152395	3073	0
11	Response	3	155615	3143	0
11A	Response	3	158344	2728	1
12	Response	2	164417	5947	0
12A	Response	2	166901	2483	1
13	Response	4	168623	1653	0
13A	Response	2	169598	974	1
14	Response	4	171582	1946	0
14A	Response	2	171993	410	1
15	Response	2	174542	2407	0
15A	Response	4	174842	299	1
16	Response	2	176940	1972	0
16A	Response	2	178786	1845	1
17	Response	2	180540	1740	0
17A	Response	2	182183	1642	1
18	Response	2	183865	1565	0
18A	Response	2	185355	1489	1
19	Response	2	186918	1452	0
19A	Response	2	188726	1807	1
20	Response	2	190377	1578	1
20A	Response	2	192184	1807	1
21	Response	2	193913	1615	0
21A	Response	2	195588	1674	1
22	Response	2	197231	1600	0
22A	Response	2	199917	2685	1
23	Response	2	201581	1617	0
23A	Response	2	203030	1448	1
24	Response	2	204528	1398	0
24A	Response	2	206270	1741	0
25	Response	2	207834	1538	0
25A	Response	2	209437	1602	1
26	Response	2	210916	1454	1
26A	Response	2	212521	1604	1
27	Response	2	214194	1566	0
27A	Response	2	215901	1706	1
28	Response	2	217707	1746	0
28A	Response	2	219451	1743	1
29	Response	2	221130	1504	0
29A	Response	2	222928	1797	1
30	Response	2	224811	1852	0
30A	Response	2	226624	1812	1
31	Response	2	228398	1606	0
31A	Response	2	230129	1730	1
32	Response	2	231874	1582	1
32A	Response	2	233583	1708	1
33	Response	2	235456	1832	0
33A	Response	2	237340	1883	0
34	Response	2	239157	1700	1
34A	Response	2	240997	1839	1
35	Response	2	242927	1804	0
35A	Response	2	244734	1806	1
36	Response	2	246661	1872	0
36A	Response	2	248417	1755	1
37	Response	2	250275	1821	0
37A	Response	2	252060	1784	1
38	Response	2	253855	1734	0
38A	Response	2	255650	1794	0
39	Response	2	257586	1799	0
39A	Response	2	259384	1797	0
40	Response	2	261313	1860	0
40A	Response	2	263115	1801	1
41	Response	2	264889	1604	1
41A	Response	2	266697	1807	1
42	Response	2	268494	1710	0
42A	Response	2	270464	1969	1
43	Response	2	272157	1540	0
43A	Response	2	274048	1890	1
44	Response	2	275885	1768	0
44A	Response	2	277603	1717	1
45	Response	2	279395	1779	0
45A	Response	2	281193	1797	0
46	Response	2	282859	1577	0
46A	Response	2	284794	1934	1
47	Response	2	286648	1700	0
47A	Response	2	288469	1821	0
48	Response	2	290265	1651	0
48A	Response	2	291985	1718	1
49	Response	2	293806	1693	1
49A	Response	2	295582	1775	1
50	Response	2	297480	1867	0
50A	Response	2	299382	1901	0
51	Response	2	301149	1703	0
51A	Response	2	303114	1964	1
52	Response	2	304854	1576	0
52A	Response	2	306860	2005	1
53	Response	2	308614	1670	0
53A	Response	2	310524	1909	1
54	Response	2	312413	1803	0
54A	Response	2	314395	1982	1
55	Response	2	316531	2088	0
55A	Response	2	320046	3515	1
56	Response	2	323866	3758	1
56A	Response	2	328534	4666	0
57	Response	2	330874	2267	0
57A	Response	2	334484	3610	0
58	Response	2	337173	2567	0
58A	Response	2	340526	3353	1
59	Response	2	343404	2800	0
59A	Response	2	346781	3376	1
60	Response	2	350407	3470	0
60A	Response	2	355005	4597	1
61	Response	2	358453	3352	0
61A	Response	2	364356	5902	3
62	Response	2	366159	1725	0
62A	Response	2	372260	6100	0
63	Response	2	374026	1594	0
63A	Response	2	379309	5282	1
64	Response	2	381339	1908	0
64A	Response	2	386189	4849	1
65	Response	2	388262	1999	0
65A	Response	2	393258	4995	1


{
   "app": "Presentation Version 19.0 Build 11.14.16",
   "device": "Dell Inc. Latitude E5570",
   "experiment": "{FE5DB8A7-8958-48BB-B52B-BD0E7BB5FCF0}",
   "os": "Windows 7 64 bit",
   "package": "",
   "parameters": {
      "configuration": "Default configuration"
   },
   "scenario": "WCST.sce",
   "subject": "",
   "timestamp": "2017/05/22 13:58:25 GMT"
}
